<?xml version="1.0" encoding="UTF-8"?>
<testsuite name="com.umanbeing.umg.UmgApplicationTests" tests="1" skipped="0" failures="0" errors="0" timestamp="2026-02-07T11:29:02.137Z" hostname="JASONCOMP" time="5.727">
  <properties/>
  <testcase name="contextLoads()" classname="com.umanbeing.umg.UmgApplicationTests" time="0.309"/>
  <system-out><![CDATA[05:29:02.322 [Test worker] INFO org.springframework.test.context.support.AnnotationConfigContextLoaderUtils -- Could not detect default configuration classes for test class [com.umanbeing.umg.UmgApplicationTests]: UmgApplicationTests does not declare any static, non-private, non-final, nested classes annotated with @Configuration.
05:29:02.423 [Test worker] INFO org.springframework.boot.test.context.SpringBootTestContextBootstrapper -- Found @SpringBootConfiguration com.umanbeing.umg.UmgApplication for test class com.umanbeing.umg.UmgApplicationTests

  .   ____          _            __ _ _
 /\\ / ___'_ __ _ _(_)_ __  __ _ \ \ \ \
( ( )\___ | '_ | '_| | '_ \/ _` | \ \ \ \
 \\/  ___)| |_)| | | | | || (_| |  ) ) ) )
  '  |____| .__|_| |_|_| |_\__, | / / / /
 =========|_|==============|___/=/_/_/_/

 :: Spring Boot ::                (v4.0.2)

2026-02-07T05:29:02.849-06:00  INFO 3540 --- [umg] [    Test worker] com.umanbeing.umg.UmgApplicationTests    : Starting UmgApplicationTests using Java 21.0.7 with PID 3540 (started by bilin in C:\Users\bilin\Documents\currentCourses\COMP_4350_Software_Development\groupProject\projectCode\UManitobaGuessr\backend)
2026-02-07T05:29:02.850-06:00  INFO 3540 --- [umg] [    Test worker] com.umanbeing.umg.UmgApplicationTests    : No active profile set, falling back to 1 default profile: "default"
2026-02-07T05:29:03.661-06:00  INFO 3540 --- [umg] [    Test worker] .s.d.r.c.RepositoryConfigurationDelegate : Bootstrapping Spring Data JPA repositories in DEFAULT mode.
2026-02-07T05:29:03.686-06:00  INFO 3540 --- [umg] [    Test worker] .s.d.r.c.RepositoryConfigurationDelegate : Finished Spring Data repository scanning in 12 ms. Found 0 JPA repository interfaces.
2026-02-07T05:29:04.576-06:00  INFO 3540 --- [umg] [    Test worker] com.zaxxer.hikari.HikariDataSource       : HikariPool-1 - Starting...
2026-02-07T05:29:04.756-06:00  INFO 3540 --- [umg] [    Test worker] com.zaxxer.hikari.pool.HikariPool        : HikariPool-1 - Added connection org.postgresql.jdbc.PgConnection@41f40dfa
2026-02-07T05:29:04.758-06:00  INFO 3540 --- [umg] [    Test worker] com.zaxxer.hikari.HikariDataSource       : HikariPool-1 - Start completed.
2026-02-07T05:29:04.790-06:00  INFO 3540 --- [umg] [    Test worker] org.flywaydb.core.FlywayExecutor         : Database: jdbc:postgresql://localhost:5432/mydatabase (PostgreSQL 18.1)
2026-02-07T05:29:04.828-06:00  INFO 3540 --- [umg] [    Test worker] o.f.c.i.s.JdbcTableSchemaHistory         : Schema history table "public"."flyway_schema_history" does not exist yet
2026-02-07T05:29:04.831-06:00  INFO 3540 --- [umg] [    Test worker] o.f.core.internal.command.DbValidate     : Successfully validated 0 migrations (execution time 00:00.010s)
2026-02-07T05:29:04.831-06:00  WARN 3540 --- [umg] [    Test worker] o.f.core.internal.command.DbValidate     : No migrations found. Are your locations set up correctly?
2026-02-07T05:29:04.848-06:00  INFO 3540 --- [umg] [    Test worker] o.f.c.i.s.JdbcTableSchemaHistory         : Creating Schema History table "public"."flyway_schema_history" ...
2026-02-07T05:29:04.896-06:00  INFO 3540 --- [umg] [    Test worker] o.f.core.internal.command.DbMigrate      : Current version of schema "public": << Empty Schema >>
2026-02-07T05:29:04.900-06:00  INFO 3540 --- [umg] [    Test worker] o.f.core.internal.command.DbMigrate      : Schema "public" is up to date. No migration necessary.
2026-02-07T05:29:05.024-06:00  INFO 3540 --- [umg] [    Test worker] org.hibernate.orm.jpa                    : HHH008540: Processing PersistenceUnitInfo [name: default]
2026-02-07T05:29:05.108-06:00  INFO 3540 --- [umg] [    Test worker] org.hibernate.orm.core                   : HHH000001: Hibernate ORM core version 7.2.1.Final
2026-02-07T05:29:05.631-06:00  INFO 3540 --- [umg] [    Test worker] o.s.o.j.p.SpringPersistenceUnitInfo      : No LoadTimeWeaver setup: ignoring JPA class transformer
2026-02-07T05:29:05.711-06:00  INFO 3540 --- [umg] [    Test worker] org.hibernate.orm.connections.pooling    : HHH10001005: Database info:
	Database JDBC URL [jdbc:postgresql://localhost:5432/mydatabase]
	Database driver: PostgreSQL JDBC Driver
	Database dialect: PostgreSQLDialect
	Database version: 18.1
	Default catalog/schema: mydatabase/public
	Autocommit mode: undefined/unknown
	Isolation level: READ_COMMITTED [default READ_COMMITTED]
	JDBC fetch size: none
	Pool: DataSourceConnectionProvider
	Minimum pool size: undefined/unknown
	Maximum pool size: undefined/unknown
2026-02-07T05:29:06.054-06:00  INFO 3540 --- [umg] [    Test worker] org.hibernate.orm.core                   : HHH000489: No JTA platform available (set 'hibernate.transaction.jta.platform' to enable JTA platform integration)
2026-02-07T05:29:06.060-06:00  INFO 3540 --- [umg] [    Test worker] j.LocalContainerEntityManagerFactoryBean : Initialized JPA EntityManagerFactory for persistence unit 'default'
2026-02-07T05:29:06.156-06:00  WARN 3540 --- [umg] [    Test worker] JpaBaseConfiguration$JpaWebConfiguration : spring.jpa.open-in-view is enabled by default. Therefore, database queries may be performed during view rendering. Explicitly configure spring.jpa.open-in-view to disable this warning
2026-02-07T05:29:06.959-06:00  WARN 3540 --- [umg] [    Test worker] .s.a.UserDetailsServiceAutoConfiguration : 

Using generated security password: 381cc983-33cc-433e-8dca-3501c571652f

This generated password is for development use only. Your security configuration must be updated before running your application in production.

2026-02-07T05:29:06.988-06:00  INFO 3540 --- [umg] [    Test worker] r$InitializeUserDetailsManagerConfigurer : Global AuthenticationManager configured with UserDetailsService bean with name inMemoryUserDetailsManager
2026-02-07T05:29:07.281-06:00  INFO 3540 --- [umg] [    Test worker] o.s.b.a.e.web.EndpointLinksResolver      : Exposing 1 endpoint beneath base path '/actuator'
2026-02-07T05:29:07.463-06:00  INFO 3540 --- [umg] [    Test worker] com.umanbeing.umg.UmgApplicationTests    : Started UmgApplicationTests in 4.876 seconds (process running for 6.205)
]]></system-out>
  <system-err><![CDATA[Mockito is currently self-attaching to enable the inline-mock-maker. This will no longer work in future releases of the JDK. Please add Mockito as an agent to your build as described in Mockito's documentation: https://javadoc.io/doc/org.mockito/mockito-core/latest/org.mockito/org/mockito/Mockito.html#0.3
WARNING: A Java agent has been loaded dynamically (C:\Users\bilin\.gradle\caches\modules-2\files-2.1\net.bytebuddy\byte-buddy-agent\1.17.8\f09415827a71be7ed621c7bd02550678f28bc81c\byte-buddy-agent-1.17.8.jar)
WARNING: If a serviceability tool is in use, please run with -XX:+EnableDynamicAgentLoading to hide this warning
WARNING: If a serviceability tool is not in use, please run with -Djdk.instrument.traceUsage for more information
WARNING: Dynamic loading of agents will be disallowed by default in a future release
]]></system-err>
</testsuite>
